2013-11-14 22:56
朕議歳涕柘箆篶別睾涕
朕炎猟周template/庁医/home/spacecp_profile.htm

<-- // 圻坪否72-79 -->
！！！！！！！！！！！！！！！！！！！！！！！！！！！！！！！！！！！！
<input type="text" name="emailnew" id="emailnew" value="$space[email]" class="px" />
<p class="d">
    <!--{if empty($space['newemail'])}-->
        {lang email_been_active}
    <!--{else}-->
         $acitvemessage
    <!--{/if}-->
</p>
<-- // 俐個葎坪否 72-79 -->
！！！！！！！！！！！！！！！！！！！！！！！！！！！！！！！！！！！！
<!--{if empty($space['newemail'])}-->
    <input type="text" name="emailnew" id="emailnew" value="$space[email]" class="px" readonly="true"/>
    <p class="d">{lang email_been_active}(音辛俐個)</p>
<!--{else}-->
    <input type="text" name="emailnew" id="emailnew" value="$space[email]" class="px" />
    <p class="d"> $acitvemessage </p>
<!--{/if}-->

！！！！！！！！！！！！！！！！！！！！！！！！！！！！！！！！！！！！

<-- // 圻坪否 237-237 -->
！！！！！！！！！！！！！！！！！！！！！！！！！！！！！！！！！！！！
<td>&nbsp</td>
！！！！！！！！！！！！！！！！！！！！！！！！！！！！！！！！！！！！
<-- // 俐個葎 237-237 -->
！！！！！！！！！！！！！！！！！！！！！！！！！！！！！！！！！！！！
<td>&nbsp; 廣吭災冪蛄び箆箍残榻涕帖&nbsp;</td>
！！！！！！！！！！！！！！！！！！！！！！！！！！！！！！！！！！！！





2013-11-15 14:16
朕議哉サ炎籾嶄議 Powered by Discuz
朕炎猟周template/庁医/common/header_common.htm
！！！！！！！！！！！！！！！！！！！！！！！！！！！！！！！！！！！！
<-- // 圻坪否 及6-6佩 -->
！！！！！！！！！！！！！！！！！！！！！！！！！！！！！！！！！！！！
<title><!--{if !empty($navtitle)}-->$navtitle - <!--{/if}--><!--{if empty($nobbname)}--> $_G['setting']['bbname'] - <!--{/if}--> Powered by Discuz!</title>
！！！！！！！！！！！！！！！！！！！！！！！！！！！！！！！！！！！！
<-- // 俐個葎 及6-6佩 -->
！！！！！！！！！！！！！！！！！！！！！！！！！！！！！！！！！！！！
<title><!--{if !empty($navtitle)}--> $navtitle <!--{/if}--><!--{if empty($nobbname)}--> $_G['setting']['bbname'] <!--{/if}--></title>


